This is pdfTeX, Version 3.14159265-2.6-1.40.20 (TeX Live 2019) (preloaded format=pdftex 2019.7.26)  14 JUL 2020 18:23
entering extended mode
 restricted \write18 enabled.
 file:line:error style messages enabled.
 %&-line parsing enabled.
**fourierseries.tex
(./fourierseries.tex
./fourierseries.tex:1: Undefined control sequence.
l.1 \textbf
           {Idea:} Taylor Series
The control sequence at the end of the top line
of your error message was never \def'ed. If you have
misspelled it (e.g., `\hobx'), type `I' and the correct
spelling (e.g., `I\hbox'). Otherwise just continue,
and I'll forget about whatever was undefined.

)
! Emergency stop.
<*> fourierseries.tex
                     
*** (job aborted, no legal \end found)

!  ==> Fatal error occurred, no output PDF file produced!
