\BOOKMARK [1][-]{section.1}{Lp Spaces: Completeness and Approximation}{}% 1
\BOOKMARK [2][-]{subsection.1.1}{Normed Vector Spaces}{section.1}% 2
\BOOKMARK [2][-]{subsection.1.2}{The Inequalities of Young, H\366lder, and Minkowski}{section.1}% 3
\BOOKMARK [2][-]{subsection.1.3}{Lp is complete: the Reisz-Fischer Theorem}{section.1}% 4
\BOOKMARK [2][-]{subsection.1.4}{Approximation and Separability}{section.1}% 5
\BOOKMARK [2][-]{subsection.1.5}{Results from the Homework}{section.1}% 6
\BOOKMARK [1][-]{section.2}{Lp Spaces: Duality and Weak Convergence}{}% 7
\BOOKMARK [2][-]{subsection.2.1}{Riesz Representation Theorem for the Dual of Lp, 1 p < }{section.2}% 8
\BOOKMARK [2][-]{subsection.2.2}{Weak Sequential Convergence in Lp}{section.2}% 9
\BOOKMARK [2][-]{subsection.2.3}{Weak Sequential Compactness \(``Compactness Found!''\)}{section.2}% 10
\BOOKMARK [2][-]{subsection.2.4}{Results from the Homework}{section.2}% 11
\BOOKMARK [1][-]{section.3}{Metric Spaces}{}% 12
\BOOKMARK [2][-]{subsection.3.1}{Examples of Metric Spaces}{section.3}% 13
\BOOKMARK [2][-]{subsection.3.2}{Open Sets, Closed Sets, and Convergent Sequences}{section.3}% 14
\BOOKMARK [2][-]{subsection.3.3}{Continuous Mappings Between Metric Spaces}{section.3}% 15
\BOOKMARK [2][-]{subsection.3.4}{Complete Metric Spaces}{section.3}% 16
\BOOKMARK [2][-]{subsection.3.5}{Compact Metric Spaces}{section.3}% 17
\BOOKMARK [2][-]{subsection.3.6}{Separable Metric Spaces}{section.3}% 18
\BOOKMARK [2][-]{subsection.3.7}{Results from the Homework}{section.3}% 19
\BOOKMARK [1][-]{section.4}{Topological Spaces}{}% 20
\BOOKMARK [2][-]{subsection.4.1}{Open Sets, Closed Sets, Bases, and Sub-bases}{section.4}% 21
\BOOKMARK [2][-]{subsection.4.2}{Separation Properties}{section.4}% 22
\BOOKMARK [2][-]{subsection.4.3}{Countability and Separability}{section.4}% 23
\BOOKMARK [2][-]{subsection.4.4}{Continuous Mappings between Topological Spaces}{section.4}% 24
\BOOKMARK [2][-]{subsection.4.5}{Compact Topological Spaces}{section.4}% 25
\BOOKMARK [2][-]{subsection.4.6}{Connected Topological Space}{section.4}% 26
\BOOKMARK [2][-]{subsection.4.7}{Results from Homework}{section.4}% 27
\BOOKMARK [1][-]{section.5}{Metric Spaces: Three Fundamental Theorems}{}% 28
\BOOKMARK [2][-]{subsection.5.1}{The Arzela-Ascoli Theorem}{section.5}% 29
\BOOKMARK [2][-]{subsection.5.2}{Baire Category Theorem}{section.5}% 30
\BOOKMARK [2][-]{subsection.5.3}{The Banach Contraction Principle}{section.5}% 31
\BOOKMARK [1][-]{section.6}{Topological Spaces: Three Fundamental Properties}{}% 32
