\BOOKMARK [1][-]{section.1}{Single Variable Calculus}{}% 1
\BOOKMARK [2][-]{subsection.1.1}{Limits and Derivatives}{section.1}% 2
\BOOKMARK [2][-]{subsection.1.2}{Differentiation Rules}{section.1}% 3
\BOOKMARK [2][-]{subsection.1.3}{Applications of Differentiation}{section.1}% 4
\BOOKMARK [2][-]{subsection.1.4}{Integrals}{section.1}% 5
\BOOKMARK [2][-]{subsection.1.5}{Applications of Integration}{section.1}% 6
\BOOKMARK [2][-]{subsection.1.6}{Integration Techniques}{section.1}% 7
\BOOKMARK [2][-]{subsection.1.7}{Further Applications of Integration}{section.1}% 8
\BOOKMARK [2][-]{subsection.1.8}{Parameter Equations and Polar Coordinates}{section.1}% 9
\BOOKMARK [2][-]{subsection.1.9}{Infinite Sequences and Series}{section.1}% 10
\BOOKMARK [2][-]{subsection.1.10}{Strategy for Testing Series}{section.1}% 11
\BOOKMARK [2][-]{subsection.1.11}{Power Series}{section.1}% 12
\BOOKMARK [1][-]{section.2}{Multi Variable Calculus}{}% 13
\BOOKMARK [2][-]{subsection.2.1}{Vectors and Geometry of Space}{section.2}% 14
\BOOKMARK [2][-]{subsection.2.2}{Partial Derivatives}{section.2}% 15
\BOOKMARK [2][-]{subsection.2.3}{Multiple Integrals}{section.2}% 16
\BOOKMARK [2][-]{subsection.2.4}{Triple Integrals}{section.2}% 17
\BOOKMARK [1][-]{section.3}{Vector Calculus}{}% 18
\BOOKMARK [2][-]{subsection.3.1}{Vector Fields}{section.3}% 19
\BOOKMARK [2][-]{subsection.3.2}{Line Integrals}{section.3}% 20
\BOOKMARK [2][-]{subsection.3.3}{Green's Theorem}{section.3}% 21
\BOOKMARK [2][-]{subsection.3.4}{Curl and Divergence}{section.3}% 22
\BOOKMARK [2][-]{subsection.3.5}{Parametric Surfaces and their Areas}{section.3}% 23
\BOOKMARK [1][-]{section.4}{Ordinary Differential Equations}{}% 24
\BOOKMARK [2][-]{subsection.4.1}{Basic Concepts}{section.4}% 25
\BOOKMARK [2][-]{subsection.4.2}{Classification of First Order Differential Equations}{section.4}% 26
\BOOKMARK [2][-]{subsection.4.3}{Separable First Order Differential Equations}{section.4}% 27
\BOOKMARK [3][-]{subsubsection.4.3.1}{Reduction of a Homogeneous Equation}{subsection.4.3}% 28
\BOOKMARK [2][-]{subsection.4.4}{Exact First-Order Differential Equations}{section.4}% 29
\BOOKMARK [3][-]{subsubsection.4.4.1}{Integrating Factors}{subsection.4.4}% 30
